2025-07-17 19:57:37,432 - INFO - Base directory: datasets, exists: True
2025-07-17 19:57:37,432 - INFO - Train directory: datasets/train, exists: True
2025-07-17 19:57:37,432 - INFO - Test directory: datasets/test, exists: True
2025-07-17 19:57:37,432 - INFO - Checking train directory: datasets/train
2025-07-17 19:57:37,432 - INFO -   real directory exists: True
2025-07-17 19:57:37,432 - INFO -   real: 19 .pt files found
2025-07-17 19:57:38,218 - INFO -     datasets/train/real/images_5.pt: shape=torch.Size([5000, 3, 256, 256]), min=0, max=255
2025-07-17 19:57:38,234 - WARNING - Image values out of range [0,1] in datasets/train/real/images_5.pt
2025-07-17 19:57:38,933 - INFO -     datasets/train/real/images_3.pt: shape=torch.Size([5000, 3, 256, 256]), min=0, max=255
2025-07-17 19:57:38,949 - WARNING - Image values out of range [0,1] in datasets/train/real/images_3.pt
2025-07-17 19:57:39,758 - INFO -     datasets/train/real/images_9.pt: shape=torch.Size([5000, 3, 256, 256]), min=0, max=255
2025-07-17 19:57:39,769 - WARNING - Image values out of range [0,1] in datasets/train/real/images_9.pt
2025-07-17 19:57:40,523 - INFO -     datasets/train/real/images_4.pt: shape=torch.Size([5000, 3, 256, 256]), min=0, max=255
2025-07-17 19:57:40,539 - WARNING - Image values out of range [0,1] in datasets/train/real/images_4.pt
2025-07-17 19:57:41,351 - INFO -     datasets/train/real/images_10.pt: shape=torch.Size([5000, 3, 256, 256]), min=0, max=255
2025-07-17 19:57:41,369 - WARNING - Image values out of range [0,1] in datasets/train/real/images_10.pt
2025-07-17 19:57:42,099 - INFO -     datasets/train/real/images_12.pt: shape=torch.Size([5000, 3, 256, 256]), min=0, max=255
2025-07-17 19:57:42,117 - WARNING - Image values out of range [0,1] in datasets/train/real/images_12.pt
2025-07-17 19:57:42,856 - INFO -     datasets/train/real/images_7.pt: shape=torch.Size([5000, 3, 256, 256]), min=0, max=255
2025-07-17 19:57:42,874 - WARNING - Image values out of range [0,1] in datasets/train/real/images_7.pt
2025-07-17 19:57:43,595 - INFO -     datasets/train/real/images_15.pt: shape=torch.Size([5000, 3, 256, 256]), min=0, max=255
2025-07-17 19:57:43,613 - WARNING - Image values out of range [0,1] in datasets/train/real/images_15.pt
2025-07-17 19:57:44,329 - INFO -     datasets/train/real/images_13.pt: shape=torch.Size([5000, 3, 256, 256]), min=0, max=255
2025-07-17 19:57:44,342 - WARNING - Image values out of range [0,1] in datasets/train/real/images_13.pt
2025-07-17 19:57:45,037 - INFO -     datasets/train/real/images_11.pt: shape=torch.Size([5000, 3, 256, 256]), min=0, max=255
2025-07-17 19:57:45,054 - WARNING - Image values out of range [0,1] in datasets/train/real/images_11.pt
2025-07-17 19:57:45,729 - INFO -     datasets/train/real/images_19.pt: shape=torch.Size([5000, 3, 256, 256]), min=0, max=255
2025-07-17 19:57:45,744 - WARNING - Image values out of range [0,1] in datasets/train/real/images_19.pt
2025-07-17 19:57:46,436 - INFO -     datasets/train/real/images_18.pt: shape=torch.Size([5000, 3, 256, 256]), min=0, max=255
2025-07-17 19:57:46,452 - WARNING - Image values out of range [0,1] in datasets/train/real/images_18.pt
2025-07-17 19:57:47,115 - INFO -     datasets/train/real/images_8.pt: shape=torch.Size([5000, 3, 256, 256]), min=0, max=255
2025-07-17 19:57:47,132 - WARNING - Image values out of range [0,1] in datasets/train/real/images_8.pt
2025-07-17 19:57:47,806 - INFO -     datasets/train/real/images_6.pt: shape=torch.Size([5000, 3, 256, 256]), min=0, max=255
2025-07-17 19:57:47,823 - WARNING - Image values out of range [0,1] in datasets/train/real/images_6.pt
2025-07-17 19:57:48,449 - INFO -     datasets/train/real/images_1.pt: shape=torch.Size([5000, 3, 256, 256]), min=0, max=255
2025-07-17 19:57:48,465 - WARNING - Image values out of range [0,1] in datasets/train/real/images_1.pt
2025-07-17 19:57:49,076 - INFO -     datasets/train/real/images_14.pt: shape=torch.Size([5000, 3, 256, 256]), min=0, max=255
2025-07-17 19:57:49,087 - WARNING - Image values out of range [0,1] in datasets/train/real/images_14.pt
2025-07-17 19:57:49,715 - INFO -     datasets/train/real/images_16.pt: shape=torch.Size([5000, 3, 256, 256]), min=0, max=255
2025-07-17 19:57:49,734 - WARNING - Image values out of range [0,1] in datasets/train/real/images_16.pt
2025-07-17 19:57:50,373 - INFO -     datasets/train/real/images_17.pt: shape=torch.Size([5000, 3, 256, 256]), min=0, max=255
2025-07-17 19:57:50,384 - WARNING - Image values out of range [0,1] in datasets/train/real/images_17.pt
2025-07-17 19:57:51,013 - INFO -     datasets/train/real/images_2.pt: shape=torch.Size([5000, 3, 256, 256]), min=0, max=255
2025-07-17 19:57:51,034 - WARNING - Image values out of range [0,1] in datasets/train/real/images_2.pt
2025-07-17 19:57:51,035 - INFO -   synthetic directory exists: True
2025-07-17 19:57:51,035 - INFO -   synthetic: 19 .pt files found
2025-07-17 19:57:51,980 - INFO -     datasets/train/synthetic/images_5.pt: shape=torch.Size([5000, 3, 256, 256]), min=0, max=255
2025-07-17 19:57:51,996 - WARNING - Image values out of range [0,1] in datasets/train/synthetic/images_5.pt
2025-07-17 19:57:52,944 - INFO -     datasets/train/synthetic/images_3.pt: shape=torch.Size([5000, 3, 256, 256]), min=0, max=255
2025-07-17 19:57:52,961 - WARNING - Image values out of range [0,1] in datasets/train/synthetic/images_3.pt
2025-07-17 19:57:53,894 - INFO -     datasets/train/synthetic/images_9.pt: shape=torch.Size([5000, 3, 256, 256]), min=0, max=255
2025-07-17 19:57:53,912 - WARNING - Image values out of range [0,1] in datasets/train/synthetic/images_9.pt
2025-07-17 19:57:55,052 - INFO -     datasets/train/synthetic/images_4.pt: shape=torch.Size([5000, 3, 256, 256]), min=0, max=255
2025-07-17 19:57:55,073 - WARNING - Image values out of range [0,1] in datasets/train/synthetic/images_4.pt
2025-07-17 19:57:55,989 - INFO -     datasets/train/synthetic/images_10.pt: shape=torch.Size([5000, 3, 256, 256]), min=0, max=255
2025-07-17 19:57:56,003 - WARNING - Image values out of range [0,1] in datasets/train/synthetic/images_10.pt
2025-07-17 19:57:57,051 - INFO -     datasets/train/synthetic/images_12.pt: shape=torch.Size([5000, 3, 256, 256]), min=0, max=255
2025-07-17 19:57:57,071 - WARNING - Image values out of range [0,1] in datasets/train/synthetic/images_12.pt
2025-07-17 19:57:58,138 - INFO -     datasets/train/synthetic/images_0.pt: shape=torch.Size([5000, 3, 256, 256]), min=0, max=255
2025-07-17 19:57:58,153 - WARNING - Image values out of range [0,1] in datasets/train/synthetic/images_0.pt
2025-07-17 19:57:59,107 - INFO -     datasets/train/synthetic/images_7.pt: shape=torch.Size([5000, 3, 256, 256]), min=0, max=255
2025-07-17 19:57:59,120 - WARNING - Image values out of range [0,1] in datasets/train/synthetic/images_7.pt
2025-07-17 19:58:00,044 - INFO -     datasets/train/synthetic/images_15.pt: shape=torch.Size([5000, 3, 256, 256]), min=0, max=255
2025-07-17 19:58:00,065 - WARNING - Image values out of range [0,1] in datasets/train/synthetic/images_15.pt
2025-07-17 19:58:01,116 - INFO -     datasets/train/synthetic/images_13.pt: shape=torch.Size([5000, 3, 256, 256]), min=0, max=255
2025-07-17 19:58:01,132 - WARNING - Image values out of range [0,1] in datasets/train/synthetic/images_13.pt
2025-07-17 19:58:02,213 - INFO -     datasets/train/synthetic/images_11.pt: shape=torch.Size([5000, 3, 256, 256]), min=0, max=255
2025-07-17 19:58:02,229 - WARNING - Image values out of range [0,1] in datasets/train/synthetic/images_11.pt
2025-07-17 19:58:03,273 - INFO -     datasets/train/synthetic/images_18.pt: shape=torch.Size([5000, 3, 256, 256]), min=0, max=255
2025-07-17 19:58:03,294 - WARNING - Image values out of range [0,1] in datasets/train/synthetic/images_18.pt
2025-07-17 19:58:04,212 - INFO -     datasets/train/synthetic/images_8.pt: shape=torch.Size([5000, 3, 256, 256]), min=0, max=255
2025-07-17 19:58:04,229 - WARNING - Image values out of range [0,1] in datasets/train/synthetic/images_8.pt
2025-07-17 19:58:04,248 - ERROR - Error loading datasets/train/synthetic/images_6.pt: PytorchStreamReader failed reading zip archive: failed finding central directory
2025-07-17 19:58:05,308 - INFO -     datasets/train/synthetic/images_1.pt: shape=torch.Size([5000, 3, 256, 256]), min=0, max=255
2025-07-17 19:58:05,329 - WARNING - Image values out of range [0,1] in datasets/train/synthetic/images_1.pt
2025-07-17 19:58:06,231 - INFO -     datasets/train/synthetic/images_14.pt: shape=torch.Size([5000, 3, 256, 256]), min=0, max=255
2025-07-17 19:58:06,252 - WARNING - Image values out of range [0,1] in datasets/train/synthetic/images_14.pt
2025-07-17 19:58:07,140 - INFO -     datasets/train/synthetic/images_16.pt: shape=torch.Size([5000, 3, 256, 256]), min=0, max=255
2025-07-17 19:58:07,158 - WARNING - Image values out of range [0,1] in datasets/train/synthetic/images_16.pt
2025-07-17 19:58:08,076 - INFO -     datasets/train/synthetic/images_17.pt: shape=torch.Size([5000, 3, 256, 256]), min=0, max=255
2025-07-17 19:58:08,091 - WARNING - Image values out of range [0,1] in datasets/train/synthetic/images_17.pt
2025-07-17 19:58:08,981 - INFO -     datasets/train/synthetic/images_2.pt: shape=torch.Size([5000, 3, 256, 256]), min=0, max=255
2025-07-17 19:58:08,998 - WARNING - Image values out of range [0,1] in datasets/train/synthetic/images_2.pt
2025-07-17 19:58:08,998 - INFO -   semi-synthetic directory exists: True
2025-07-17 19:58:08,998 - INFO -   semi-synthetic: 38 .pt files found
2025-07-17 19:58:09,899 - INFO -     datasets/train/semi-synthetic/semi_synthetic_0001.pt: shape=torch.Size([5000, 3, 256, 256]), min=0, max=255
2025-07-17 19:58:09,918 - WARNING - Image values out of range [0,1] in datasets/train/semi-synthetic/semi_synthetic_0001.pt
2025-07-17 19:58:10,819 - INFO -     datasets/train/semi-synthetic/semi_synthetic_0017.pt: shape=torch.Size([5000, 3, 256, 256]), min=0, max=255
2025-07-17 19:58:10,835 - WARNING - Image values out of range [0,1] in datasets/train/semi-synthetic/semi_synthetic_0017.pt
2025-07-17 19:58:11,720 - INFO -     datasets/train/semi-synthetic/semi_synthetic_0006.pt: shape=torch.Size([5000, 3, 256, 256]), min=0, max=255
2025-07-17 19:58:11,733 - WARNING - Image values out of range [0,1] in datasets/train/semi-synthetic/semi_synthetic_0006.pt
2025-07-17 19:58:12,660 - INFO -     datasets/train/semi-synthetic/semi_synthetic_0021.pt: shape=torch.Size([5000, 3, 256, 256]), min=0, max=255
2025-07-17 19:58:12,677 - WARNING - Image values out of range [0,1] in datasets/train/semi-synthetic/semi_synthetic_0021.pt
2025-07-17 19:58:13,583 - INFO -     datasets/train/semi-synthetic/semi_synthetic_0009.pt: shape=torch.Size([5000, 3, 256, 256]), min=0, max=255
2025-07-17 19:58:13,601 - WARNING - Image values out of range [0,1] in datasets/train/semi-synthetic/semi_synthetic_0009.pt
2025-07-17 19:58:14,523 - INFO -     datasets/train/semi-synthetic/semi_synthetic_0015.pt: shape=torch.Size([5000, 3, 256, 256]), min=0, max=255
2025-07-17 19:58:14,542 - WARNING - Image values out of range [0,1] in datasets/train/semi-synthetic/semi_synthetic_0015.pt
2025-07-17 19:58:15,480 - INFO -     datasets/train/semi-synthetic/semi_synthetic_0028.pt: shape=torch.Size([5000, 3, 256, 256]), min=0, max=255
2025-07-17 19:58:15,496 - WARNING - Image values out of range [0,1] in datasets/train/semi-synthetic/semi_synthetic_0028.pt
2025-07-17 19:58:16,419 - INFO -     datasets/train/semi-synthetic/semi_synthetic_0025.pt: shape=torch.Size([5000, 3, 256, 256]), min=0, max=255
2025-07-17 19:58:16,437 - WARNING - Image values out of range [0,1] in datasets/train/semi-synthetic/semi_synthetic_0025.pt
2025-07-17 19:58:17,366 - INFO -     datasets/train/semi-synthetic/semi_synthetic_0029.pt: shape=torch.Size([5000, 3, 256, 256]), min=0, max=255
2025-07-17 19:58:17,381 - WARNING - Image values out of range [0,1] in datasets/train/semi-synthetic/semi_synthetic_0029.pt
2025-07-17 19:58:18,301 - INFO -     datasets/train/semi-synthetic/semi_synthetic_0030.pt: shape=torch.Size([5000, 3, 256, 256]), min=0, max=255
2025-07-17 19:58:18,317 - WARNING - Image values out of range [0,1] in datasets/train/semi-synthetic/semi_synthetic_0030.pt
2025-07-17 19:58:19,247 - INFO -     datasets/train/semi-synthetic/semi_synthetic_0026.pt: shape=torch.Size([5000, 3, 256, 256]), min=0, max=255
2025-07-17 19:58:19,263 - WARNING - Image values out of range [0,1] in datasets/train/semi-synthetic/semi_synthetic_0026.pt
2025-07-17 19:58:20,170 - INFO -     datasets/train/semi-synthetic/semi_synthetic_0010.pt: shape=torch.Size([5000, 3, 256, 256]), min=0, max=255
2025-07-17 19:58:20,184 - WARNING - Image values out of range [0,1] in datasets/train/semi-synthetic/semi_synthetic_0010.pt
2025-07-17 19:58:21,092 - INFO -     datasets/train/semi-synthetic/semi_synthetic_0008.pt: shape=torch.Size([5000, 3, 256, 256]), min=0, max=255
2025-07-17 19:58:21,107 - WARNING - Image values out of range [0,1] in datasets/train/semi-synthetic/semi_synthetic_0008.pt
2025-07-17 19:58:22,012 - INFO -     datasets/train/semi-synthetic/semi_synthetic_0033.pt: shape=torch.Size([5000, 3, 256, 256]), min=0, max=255
2025-07-17 19:58:22,025 - WARNING - Image values out of range [0,1] in datasets/train/semi-synthetic/semi_synthetic_0033.pt
2025-07-17 19:58:22,921 - INFO -     datasets/train/semi-synthetic/semi_synthetic_0005.pt: shape=torch.Size([5000, 3, 256, 256]), min=0, max=255
2025-07-17 19:58:22,943 - WARNING - Image values out of range [0,1] in datasets/train/semi-synthetic/semi_synthetic_0005.pt
2025-07-17 19:58:23,839 - INFO -     datasets/train/semi-synthetic/semi_synthetic_0031.pt: shape=torch.Size([5000, 3, 256, 256]), min=0, max=255
2025-07-17 19:58:23,853 - WARNING - Image values out of range [0,1] in datasets/train/semi-synthetic/semi_synthetic_0031.pt
2025-07-17 19:58:24,773 - INFO -     datasets/train/semi-synthetic/semi_synthetic_0034.pt: shape=torch.Size([5000, 3, 256, 256]), min=0, max=255
2025-07-17 19:58:24,790 - WARNING - Image values out of range [0,1] in datasets/train/semi-synthetic/semi_synthetic_0034.pt
2025-07-17 19:58:25,703 - INFO -     datasets/train/semi-synthetic/semi_synthetic_0000.pt: shape=torch.Size([5000, 3, 256, 256]), min=0, max=255
2025-07-17 19:58:25,723 - WARNING - Image values out of range [0,1] in datasets/train/semi-synthetic/semi_synthetic_0000.pt
2025-07-17 19:58:26,669 - INFO -     datasets/train/semi-synthetic/semi_synthetic_0014.pt: shape=torch.Size([5000, 3, 256, 256]), min=0, max=255
2025-07-17 19:58:26,685 - WARNING - Image values out of range [0,1] in datasets/train/semi-synthetic/semi_synthetic_0014.pt
2025-07-17 19:58:27,643 - INFO -     datasets/train/semi-synthetic/semi_synthetic_0013.pt: shape=torch.Size([5000, 3, 256, 256]), min=0, max=255
2025-07-17 19:58:27,662 - WARNING - Image values out of range [0,1] in datasets/train/semi-synthetic/semi_synthetic_0013.pt
2025-07-17 19:58:28,583 - INFO -     datasets/train/semi-synthetic/semi_synthetic_0022.pt: shape=torch.Size([5000, 3, 256, 256]), min=0, max=255
2025-07-17 19:58:28,611 - WARNING - Image values out of range [0,1] in datasets/train/semi-synthetic/semi_synthetic_0022.pt
2025-07-17 19:58:29,536 - INFO -     datasets/train/semi-synthetic/semi_synthetic_0027.pt: shape=torch.Size([5000, 3, 256, 256]), min=0, max=255
2025-07-17 19:58:29,550 - WARNING - Image values out of range [0,1] in datasets/train/semi-synthetic/semi_synthetic_0027.pt
2025-07-17 19:58:30,479 - INFO -     datasets/train/semi-synthetic/semi_synthetic_0003.pt: shape=torch.Size([5000, 3, 256, 256]), min=0, max=255
2025-07-17 19:58:30,500 - WARNING - Image values out of range [0,1] in datasets/train/semi-synthetic/semi_synthetic_0003.pt
2025-07-17 19:58:31,406 - INFO -     datasets/train/semi-synthetic/semi_synthetic_0019.pt: shape=torch.Size([5000, 3, 256, 256]), min=0, max=255
2025-07-17 19:58:31,421 - WARNING - Image values out of range [0,1] in datasets/train/semi-synthetic/semi_synthetic_0019.pt
2025-07-17 19:58:32,316 - INFO -     datasets/train/semi-synthetic/semi_synthetic_0018.pt: shape=torch.Size([5000, 3, 256, 256]), min=0, max=255
2025-07-17 19:58:32,331 - WARNING - Image values out of range [0,1] in datasets/train/semi-synthetic/semi_synthetic_0018.pt
2025-07-17 19:58:33,233 - INFO -     datasets/train/semi-synthetic/semi_synthetic_0032.pt: shape=torch.Size([5000, 3, 256, 256]), min=0, max=255
2025-07-17 19:58:33,252 - WARNING - Image values out of range [0,1] in datasets/train/semi-synthetic/semi_synthetic_0032.pt
2025-07-17 19:58:34,157 - INFO -     datasets/train/semi-synthetic/semi_synthetic_0036.pt: shape=torch.Size([5000, 3, 256, 256]), min=0, max=255
2025-07-17 19:58:34,171 - WARNING - Image values out of range [0,1] in datasets/train/semi-synthetic/semi_synthetic_0036.pt
2025-07-17 19:58:35,074 - INFO -     datasets/train/semi-synthetic/semi_synthetic_0007.pt: shape=torch.Size([5000, 3, 256, 256]), min=0, max=255
2025-07-17 19:58:35,088 - WARNING - Image values out of range [0,1] in datasets/train/semi-synthetic/semi_synthetic_0007.pt
2025-07-17 19:58:35,999 - INFO -     datasets/train/semi-synthetic/semi_synthetic_0020.pt: shape=torch.Size([5000, 3, 256, 256]), min=0, max=255
2025-07-17 19:58:36,013 - WARNING - Image values out of range [0,1] in datasets/train/semi-synthetic/semi_synthetic_0020.pt
2025-07-17 19:58:36,908 - INFO -     datasets/train/semi-synthetic/semi_synthetic_0016.pt: shape=torch.Size([5000, 3, 256, 256]), min=0, max=255
2025-07-17 19:58:36,922 - WARNING - Image values out of range [0,1] in datasets/train/semi-synthetic/semi_synthetic_0016.pt
2025-07-17 19:58:37,864 - INFO -     datasets/train/semi-synthetic/semi_synthetic_0037.pt: shape=torch.Size([5000, 3, 256, 256]), min=0, max=255
2025-07-17 19:58:37,881 - WARNING - Image values out of range [0,1] in datasets/train/semi-synthetic/semi_synthetic_0037.pt
2025-07-17 19:58:38,799 - INFO -     datasets/train/semi-synthetic/semi_synthetic_0002.pt: shape=torch.Size([5000, 3, 256, 256]), min=0, max=255
2025-07-17 19:58:38,817 - WARNING - Image values out of range [0,1] in datasets/train/semi-synthetic/semi_synthetic_0002.pt
2025-07-17 19:58:39,767 - INFO -     datasets/train/semi-synthetic/semi_synthetic_0035.pt: shape=torch.Size([5000, 3, 256, 256]), min=0, max=255
2025-07-17 19:58:39,781 - WARNING - Image values out of range [0,1] in datasets/train/semi-synthetic/semi_synthetic_0035.pt
2025-07-17 19:58:40,705 - INFO -     datasets/train/semi-synthetic/semi_synthetic_0024.pt: shape=torch.Size([5000, 3, 256, 256]), min=0, max=255
2025-07-17 19:58:40,723 - WARNING - Image values out of range [0,1] in datasets/train/semi-synthetic/semi_synthetic_0024.pt
2025-07-17 19:58:41,656 - INFO -     datasets/train/semi-synthetic/semi_synthetic_0004.pt: shape=torch.Size([5000, 3, 256, 256]), min=0, max=255
2025-07-17 19:58:41,674 - WARNING - Image values out of range [0,1] in datasets/train/semi-synthetic/semi_synthetic_0004.pt
2025-07-17 19:58:42,653 - INFO -     datasets/train/semi-synthetic/semi_synthetic_0012.pt: shape=torch.Size([5000, 3, 256, 256]), min=0, max=255
2025-07-17 19:58:42,667 - WARNING - Image values out of range [0,1] in datasets/train/semi-synthetic/semi_synthetic_0012.pt
2025-07-17 19:58:43,610 - INFO -     datasets/train/semi-synthetic/semi_synthetic_0023.pt: shape=torch.Size([5000, 3, 256, 256]), min=0, max=255
2025-07-17 19:58:43,630 - WARNING - Image values out of range [0,1] in datasets/train/semi-synthetic/semi_synthetic_0023.pt
2025-07-17 19:58:44,586 - INFO -     datasets/train/semi-synthetic/semi_synthetic_0011.pt: shape=torch.Size([5000, 3, 256, 256]), min=0, max=255
2025-07-17 19:58:44,605 - WARNING - Image values out of range [0,1] in datasets/train/semi-synthetic/semi_synthetic_0011.pt
2025-07-17 19:58:44,606 - INFO - Checking test directory: datasets/test
2025-07-17 19:58:44,606 - INFO -   real directory exists: True
2025-07-17 19:58:44,606 - INFO -   real: 1 .pt files found
2025-07-17 19:58:45,533 - INFO -     datasets/test/real/images_20.pt: shape=torch.Size([5000, 3, 256, 256]), min=0, max=255
2025-07-17 19:58:45,553 - WARNING - Image values out of range [0,1] in datasets/test/real/images_20.pt
2025-07-17 19:58:45,553 - INFO -   synthetic directory exists: True
2025-07-17 19:58:45,553 - INFO -   synthetic: 1 .pt files found
2025-07-17 19:58:46,643 - INFO -     datasets/test/synthetic/images_19.pt: shape=torch.Size([5000, 3, 256, 256]), min=0, max=255
2025-07-17 19:58:46,661 - WARNING - Image values out of range [0,1] in datasets/test/synthetic/images_19.pt
2025-07-17 19:58:46,661 - INFO -   semi-synthetic directory exists: True
2025-07-17 19:58:46,661 - INFO -   semi-synthetic: 2 .pt files found
2025-07-17 19:58:47,611 - INFO -     datasets/test/semi-synthetic/semi_synthetic_0038.pt: shape=torch.Size([5000, 3, 256, 256]), min=0, max=255
2025-07-17 19:58:47,630 - WARNING - Image values out of range [0,1] in datasets/test/semi-synthetic/semi_synthetic_0038.pt
2025-07-17 19:58:48,543 - INFO -     datasets/test/semi-synthetic/semi_synthetic_0039.pt: shape=torch.Size([5000, 3, 256, 256]), min=0, max=255
2025-07-17 19:58:48,562 - WARNING - Image values out of range [0,1] in datasets/test/semi-synthetic/semi_synthetic_0039.pt
2025-07-17 20:05:39,677 - INFO - Base directory: datasets, exists: True
2025-07-17 20:05:39,677 - INFO - Train directory: datasets/train, exists: True
2025-07-17 20:05:39,677 - INFO - Test directory: datasets/test, exists: True
2025-07-17 20:05:39,677 - INFO - Checking train directory: datasets/train
2025-07-17 20:05:39,677 - INFO -   real directory exists: True
2025-07-17 20:05:39,677 - INFO -   real: 19 .pt files found
2025-07-17 20:05:40,540 - INFO -     datasets/train/real/images_5.pt: shape=torch.Size([5000, 3, 256, 256]), min=0, max=255
2025-07-17 20:05:40,560 - WARNING - Image values out of range [0,1] in datasets/train/real/images_5.pt
2025-07-17 20:05:41,468 - INFO -     datasets/train/real/images_3.pt: shape=torch.Size([5000, 3, 256, 256]), min=0, max=255
2025-07-17 20:05:41,486 - WARNING - Image values out of range [0,1] in datasets/train/real/images_3.pt
2025-07-17 20:05:42,459 - INFO -     datasets/train/real/images_9.pt: shape=torch.Size([5000, 3, 256, 256]), min=0, max=255
2025-07-17 20:05:42,475 - WARNING - Image values out of range [0,1] in datasets/train/real/images_9.pt
2025-07-17 20:05:43,396 - INFO -     datasets/train/real/images_4.pt: shape=torch.Size([5000, 3, 256, 256]), min=0, max=255
2025-07-17 20:05:43,416 - WARNING - Image values out of range [0,1] in datasets/train/real/images_4.pt
2025-07-17 20:05:44,348 - INFO -     datasets/train/real/images_10.pt: shape=torch.Size([5000, 3, 256, 256]), min=0, max=255
2025-07-17 20:05:44,368 - WARNING - Image values out of range [0,1] in datasets/train/real/images_10.pt
2025-07-17 20:05:45,331 - INFO -     datasets/train/real/images_12.pt: shape=torch.Size([5000, 3, 256, 256]), min=0, max=255
2025-07-17 20:05:45,350 - WARNING - Image values out of range [0,1] in datasets/train/real/images_12.pt
2025-07-17 20:05:46,295 - INFO -     datasets/train/real/images_7.pt: shape=torch.Size([5000, 3, 256, 256]), min=0, max=255
2025-07-17 20:05:46,312 - WARNING - Image values out of range [0,1] in datasets/train/real/images_7.pt
2025-07-17 20:05:47,280 - INFO -     datasets/train/real/images_15.pt: shape=torch.Size([5000, 3, 256, 256]), min=0, max=255
2025-07-17 20:05:47,299 - WARNING - Image values out of range [0,1] in datasets/train/real/images_15.pt
2025-07-17 20:05:48,285 - INFO -     datasets/train/real/images_13.pt: shape=torch.Size([5000, 3, 256, 256]), min=0, max=255
2025-07-17 20:05:48,304 - WARNING - Image values out of range [0,1] in datasets/train/real/images_13.pt
2025-07-17 20:05:49,314 - INFO -     datasets/train/real/images_11.pt: shape=torch.Size([5000, 3, 256, 256]), min=0, max=255
2025-07-17 20:05:49,329 - WARNING - Image values out of range [0,1] in datasets/train/real/images_11.pt
2025-07-17 20:05:50,262 - INFO -     datasets/train/real/images_19.pt: shape=torch.Size([5000, 3, 256, 256]), min=0, max=255
2025-07-17 20:05:50,280 - WARNING - Image values out of range [0,1] in datasets/train/real/images_19.pt
2025-07-17 20:05:51,229 - INFO -     datasets/train/real/images_18.pt: shape=torch.Size([5000, 3, 256, 256]), min=0, max=255
2025-07-17 20:05:51,248 - WARNING - Image values out of range [0,1] in datasets/train/real/images_18.pt
2025-07-17 20:05:52,174 - INFO -     datasets/train/real/images_8.pt: shape=torch.Size([5000, 3, 256, 256]), min=0, max=255
2025-07-17 20:05:52,192 - WARNING - Image values out of range [0,1] in datasets/train/real/images_8.pt
2025-07-17 20:19:05,468 - INFO - Starting training script
2025-07-17 20:19:05,487 - INFO - CUDA Available: Using NVIDIA A100 80GB PCIe
2025-07-17 20:19:05,487 - INFO - Total VRAM: 79.25 GB
2025-07-17 20:19:05,487 - WARNING - Directory /train/real not found.
2025-07-17 20:19:05,487 - WARNING - Directory /train/synthetic not found.
2025-07-17 20:19:05,487 - WARNING - Directory /train/semi-synthetic not found.
