2025-07-19 20:52:47,634 - INFO - Run ID: b51de072
2025-07-19 20:52:47,635 - INFO - Loading test dataset (Run ID: b51de072)
2025-07-19 20:53:05,678 - INFO - Loaded 60000 images: real: 20000, synthetic: 20000, semi-synthetic: 20000
2025-07-19 20:53:05,902 - INFO - Test:
2025-07-19 20:53:05,902 - INFO - Total images: 60000
2025-07-19 20:53:05,902 - INFO - real: 20000 images (33.33% if non-zero), synthetic: 20000 images (33.33% if non-zero), semi-synthetic: 20000 images (33.33% if non-zero)
2025-07-19 20:53:05,902 - INFO - === Test Check ===
2025-07-19 20:53:05,902 - INFO - Dataset size: 60000
2025-07-19 20:53:05,902 - INFO - Class counts: [20000, 20000, 20000]
2025-07-19 20:53:05,903 - INFO - RGB counts: [20000, 20000, 20000]
2025-07-19 20:53:05,903 - INFO - Grayscale counts: [0, 0, 0]
2025-07-19 20:53:05,903 - INFO - Sampling 5 images from Test:
.

2025-07-19 20:53:08,207 - INFO - Index 30014: Shape=torch.Size([3, 224, 224]), Label=2, Type=RGB, Post-normalization pixel range [-2.079120397567749, 1.7516475915908813]
2025-07-19 20:53:10,429 - INFO - Index 20704: Shape=torch.Size([3, 224, 224]), Label=2, Type=RGB, Post-normalization pixel range [-1.8825119733810425, 2.6186838150024414]
2025-07-19 20:53:10,984 - INFO - Index 39358: Shape=torch.Size([3, 224, 224]), Label=1, Type=RGB, Post-normalization pixel range [-2.1094608306884766, 2.2971677780151367]
2025-07-19 20:53:13,256 - INFO - Index 59901: Shape=torch.Size([3, 224, 224]), Label=2, Type=RGB, Post-normalization pixel range [-1.7737032175064087, 1.7265400886535645]
2025-07-19 20:53:13,805 - INFO - Index 34204: Shape=torch.Size([3, 224, 224]), Label=1, Type=RGB, Post-normalization pixel range [-2.0903139114379883, 2.369037628173828]
2025-07-19 20:53:13,806 - INFO - First 3 batches from Test loader:
2025-07-19 20:56:13,777 - INFO - Batch 1 shape: images=torch.Size([128, 3, 224, 224]), labels=torch.Size([128]), Device=cuda:0
2025-07-19 20:56:13,777 - INFO - Labels: [2, 0, 0, 1, 2, 2, 0, 0, 2, 1, 0, 2, 0, 0, 1, 0, 0, 1, 2, 1, 0, 2, 1, 2, 1, 2, 2, 0, 1, 0, 1, 1, 1, 2, 2, 1, 0, 2, 2, 0, 2, 0, 0, 0, 1, 1, 1, 0, 2, 1, 1, 2, 1, 2, 1, 0, 2, 1, 1, 0, 1, 1, 2, 0, 2, 0, 0, 2, 1, 2, 0, 1, 0, 0, 0, 1, 1, 1, 1, 0, 1, 2, 0, 2, 0, 1, 2, 1, 2, 2, 2, 2, 2, 2, 0, 0, 0, 0, 0, 0, 1, 0, 2, 0, 0, 0, 2, 1, 2, 1, 2, 2, 2, 2, 0, 0, 1, 2, 2, 2, 2, 1, 2, 0, 2, 0, 0, 1]
2025-07-19 20:56:13,825 - INFO - Class distribution: real=45, synthetic=38, semi-synthetic=45
2025-07-19 20:56:13,830 - INFO - Batch 2 shape: images=torch.Size([128, 3, 224, 224]), labels=torch.Size([128]), Device=cuda:0
2025-07-19 20:56:13,830 - INFO - Labels: [2, 2, 0, 0, 0, 1, 1, 0, 1, 2, 2, 1, 2, 2, 1, 0, 0, 2, 2, 1, 1, 1, 0, 0, 2, 2, 2, 2, 0, 1, 2, 2, 2, 1, 2, 0, 0, 1, 0, 2, 1, 2, 0, 0, 0, 1, 0, 0, 2, 2, 2, 0, 1, 0, 1, 0, 0, 2, 2, 0, 2, 2, 0, 0, 0, 2, 1, 2, 2, 1, 1, 2, 0, 1, 2, 0, 1, 2, 2, 0, 2, 2, 1, 2, 1, 1, 0, 0, 2, 1, 2, 0, 2, 2, 0, 1, 2, 1, 2, 0, 1, 0, 0, 2, 0, 2, 1, 1, 2, 1, 0, 1, 0, 2, 0, 0, 0, 2, 1, 0, 1, 1, 0, 1, 1, 2, 1, 0]
2025-07-19 20:56:13,830 - INFO - Class distribution: real=44, synthetic=37, semi-synthetic=47
2025-07-19 20:56:13,834 - INFO - Batch 3 shape: images=torch.Size([128, 3, 224, 224]), labels=torch.Size([128]), Device=cuda:0
2025-07-19 20:56:13,834 - INFO - Labels: [1, 1, 1, 1, 0, 0, 1, 2, 1, 2, 0, 1, 2, 2, 1, 0, 2, 2, 0, 0, 0, 0, 1, 1, 0, 1, 1, 2, 0, 2, 0, 1, 0, 1, 0, 1, 1, 2, 0, 0, 0, 1, 0, 1, 0, 0, 2, 1, 0, 0, 1, 1, 2, 2, 0, 2, 2, 2, 1, 2, 0, 2, 0, 1, 1, 1, 1, 2, 2, 0, 2, 2, 2, 2, 2, 2, 0, 2, 1, 2, 0, 0, 1, 2, 1, 0, 1, 0, 2, 1, 1, 1, 1, 2, 2, 1, 2, 1, 0, 2, 2, 2, 1, 2, 2, 2, 1, 2, 2, 0, 1, 2, 1, 0, 1, 0, 2, 1, 0, 0, 0, 2, 0, 2, 2, 2, 1, 0]
2025-07-19 20:56:13,835 - INFO - Class distribution: real=39, synthetic=43, semi-synthetic=46
2025-07-19 20:57:13,889 - INFO - Loading pretrained weights from Hugging Face hub (timm/vit_base_patch16_224.augreg2_in21k_ft_in1k)
2025-07-19 20:57:14,173 - INFO - Loading pretrained weights from Hugging Face hub (timm/resnet50.a1_in1k)
2025-07-19 20:57:14,323 - INFO - [timm/resnet50.a1_in1k] Safe alternative available for 'pytorch_model.bin' (as 'model.safetensors'). Loading weights using safetensors.
2025-07-19 20:57:15,624 - INFO - Loading pretrained weights from Hugging Face hub (timm/vit_base_patch16_224.augreg2_in21k_ft_in1k)
2025-07-19 20:57:15,705 - INFO - [timm/vit_base_patch16_224.augreg2_in21k_ft_in1k] Safe alternative available for 'pytorch_model.bin' (as 'model.safetensors'). Loading weights using safetensors.
2025-07-19 20:57:15,819 - INFO - Loading full training dataset (Run ID: b51de072)
2025-07-19 21:01:48,195 - INFO - Loaded 600000 images: real: 200000, synthetic: 200000, semi-synthetic: 200000
